<?xml version="1.0" encoding="UTF-8"?>
<testsuite name="com.codesquad.autobid.AutoBidApplicationTests" tests="1" skipped="0" failures="0" errors="0" timestamp="2023-02-01T04:57:01" hostname="macbook16s-MacBook-Pro.local" time="0.187">
  <properties/>
  <testcase name="contextLoads()" classname="com.codesquad.autobid.AutoBidApplicationTests" time="0.187"/>
  <system-out><![CDATA[13:57:00.235 [Test worker] DEBUG org.springframework.test.context.BootstrapUtils - Instantiating CacheAwareContextLoaderDelegate from class [org.springframework.test.context.cache.DefaultCacheAwareContextLoaderDelegate]
13:57:00.240 [Test worker] DEBUG org.springframework.test.context.BootstrapUtils - Instantiating BootstrapContext using constructor [public org.springframework.test.context.support.DefaultBootstrapContext(java.lang.Class,org.springframework.test.context.CacheAwareContextLoaderDelegate)]
13:57:00.256 [Test worker] DEBUG org.springframework.test.context.BootstrapUtils - Instantiating TestContextBootstrapper for test class [com.codesquad.autobid.AutoBidApplicationTests] from class [org.springframework.boot.test.context.SpringBootTestContextBootstrapper]
13:57:00.261 [Test worker] INFO org.springframework.boot.test.context.SpringBootTestContextBootstrapper - Neither @ContextConfiguration nor @ContextHierarchy found for test class [com.codesquad.autobid.AutoBidApplicationTests], using SpringBootContextLoader
13:57:00.264 [Test worker] DEBUG org.springframework.test.context.support.AbstractContextLoader - Did not detect default resource location for test class [com.codesquad.autobid.AutoBidApplicationTests]: class path resource [com/codesquad/autobid/AutoBidApplicationTests-context.xml] does not exist
13:57:00.264 [Test worker] DEBUG org.springframework.test.context.support.AbstractContextLoader - Did not detect default resource location for test class [com.codesquad.autobid.AutoBidApplicationTests]: class path resource [com/codesquad/autobid/AutoBidApplicationTestsContext.groovy] does not exist
13:57:00.264 [Test worker] INFO org.springframework.test.context.support.AbstractContextLoader - Could not detect default resource locations for test class [com.codesquad.autobid.AutoBidApplicationTests]: no resource found for suffixes {-context.xml, Context.groovy}.
13:57:00.264 [Test worker] INFO org.springframework.test.context.support.AnnotationConfigContextLoaderUtils - Could not detect default configuration classes for test class [com.codesquad.autobid.AutoBidApplicationTests]: AutoBidApplicationTests does not declare any static, non-private, non-final, nested classes annotated with @Configuration.
13:57:00.285 [Test worker] DEBUG org.springframework.test.context.support.ActiveProfilesUtils - Could not find an 'annotation declaring class' for annotation type [org.springframework.test.context.ActiveProfiles] and class [com.codesquad.autobid.AutoBidApplicationTests]
13:57:00.309 [Test worker] DEBUG org.springframework.context.annotation.ClassPathScanningCandidateComponentProvider - Identified candidate component class: file [/Users/macbook16/Desktop/Team4-AutoBid/AutoBid_BE/build/classes/java/main/com/codesquad/autobid/AutoBidApplication.class]
13:57:00.312 [Test worker] INFO org.springframework.boot.test.context.SpringBootTestContextBootstrapper - Found @SpringBootConfiguration com.codesquad.autobid.AutoBidApplication for test class com.codesquad.autobid.AutoBidApplicationTests
13:57:00.356 [Test worker] DEBUG org.springframework.boot.test.context.SpringBootTestContextBootstrapper - @TestExecutionListeners is not present for class [com.codesquad.autobid.AutoBidApplicationTests]: using defaults.
13:57:00.357 [Test worker] INFO org.springframework.boot.test.context.SpringBootTestContextBootstrapper - Loaded default TestExecutionListener class names from location [META-INF/spring.factories]: [org.springframework.boot.test.autoconfigure.restdocs.RestDocsTestExecutionListener, org.springframework.boot.test.autoconfigure.web.client.MockRestServiceServerResetTestExecutionListener, org.springframework.boot.test.autoconfigure.web.servlet.MockMvcPrintOnlyOnFailureTestExecutionListener, org.springframework.boot.test.autoconfigure.web.servlet.WebDriverTestExecutionListener, org.springframework.boot.test.autoconfigure.webservices.client.MockWebServiceServerTestExecutionListener, org.springframework.boot.test.mock.mockito.MockitoTestExecutionListener, org.springframework.boot.test.mock.mockito.ResetMocksTestExecutionListener, org.springframework.test.context.web.ServletTestExecutionListener, org.springframework.test.context.support.DirtiesContextBeforeModesTestExecutionListener, org.springframework.test.context.event.ApplicationEventsTestExecutionListener, org.springframework.test.context.support.DependencyInjectionTestExecutionListener, org.springframework.test.context.support.DirtiesContextTestExecutionListener, org.springframework.test.context.transaction.TransactionalTestExecutionListener, org.springframework.test.context.jdbc.SqlScriptsTestExecutionListener, org.springframework.test.context.event.EventPublishingTestExecutionListener]
13:57:00.363 [Test worker] INFO org.springframework.boot.test.context.SpringBootTestContextBootstrapper - Using TestExecutionListeners: [org.springframework.test.context.web.ServletTestExecutionListener@5bbc9f97, org.springframework.test.context.support.DirtiesContextBeforeModesTestExecutionListener@133e019b, org.springframework.test.context.event.ApplicationEventsTestExecutionListener@41382722, org.springframework.boot.test.mock.mockito.MockitoTestExecutionListener@7dac3fd8, org.springframework.boot.test.autoconfigure.SpringBootDependencyInjectionTestExecutionListener@425357dd, org.springframework.test.context.support.DirtiesContextTestExecutionListener@2102a4d5, org.springframework.test.context.transaction.TransactionalTestExecutionListener@210386e0, org.springframework.test.context.jdbc.SqlScriptsTestExecutionListener@3d4d3fe7, org.springframework.test.context.event.EventPublishingTestExecutionListener@65f87a2c, org.springframework.boot.test.autoconfigure.restdocs.RestDocsTestExecutionListener@51684e4a, org.springframework.boot.test.autoconfigure.web.client.MockRestServiceServerResetTestExecutionListener@6ce1f601, org.springframework.boot.test.autoconfigure.web.servlet.MockMvcPrintOnlyOnFailureTestExecutionListener@38875e7d, org.springframework.boot.test.autoconfigure.web.servlet.WebDriverTestExecutionListener@1e886a5b, org.springframework.boot.test.autoconfigure.webservices.client.MockWebServiceServerTestExecutionListener@d816dde, org.springframework.boot.test.mock.mockito.ResetMocksTestExecutionListener@6e33c391]
13:57:00.365 [Test worker] DEBUG org.springframework.test.context.support.AbstractDirtiesContextTestExecutionListener - Before test class: context [DefaultTestContext@5305c37d testClass = AutoBidApplicationTests, testInstance = [null], testMethod = [null], testException = [null], mergedContextConfiguration = [WebMergedContextConfiguration@51a06cbe testClass = AutoBidApplicationTests, locations = '{}', classes = '{class com.codesquad.autobid.AutoBidApplication}', contextInitializerClasses = '[]', activeProfiles = '{}', propertySourceLocations = '{}', propertySourceProperties = '{org.springframework.boot.test.context.SpringBootTestContextBootstrapper=true}', contextCustomizers = set[org.springframework.boot.test.autoconfigure.actuate.metrics.MetricsExportContextCustomizerFactory$DisableMetricExportContextCustomizer@1522d8a0, org.springframework.boot.test.autoconfigure.properties.PropertyMappingContextCustomizer@0, org.springframework.boot.test.autoconfigure.web.servlet.WebDriverContextCustomizerFactory$Customizer@549949be, org.springframework.boot.test.context.filter.ExcludeFilterContextCustomizer@39ad977d, org.springframework.boot.test.json.DuplicateJsonObjectContextCustomizerFactory$DuplicateJsonObjectContextCustomizer@18025ced, org.springframework.boot.test.mock.mockito.MockitoContextCustomizer@0, org.springframework.boot.test.web.client.TestRestTemplateContextCustomizer@2974f221, org.springframework.boot.test.context.SpringBootTestArgs@1, org.springframework.boot.test.context.SpringBootTestWebEnvironment@e3b3b2f], resourceBasePath = 'src/main/webapp', contextLoader = 'org.springframework.boot.test.context.SpringBootContextLoader', parent = [null]], attributes = map['org.springframework.test.context.web.ServletTestExecutionListener.activateListener' -> true]], class annotated with @DirtiesContext [false] with mode [null].

  .   ____          _            __ _ _
 /\\ / ___'_ __ _ _(_)_ __  __ _ \ \ \ \
( ( )\___ | '_ | '_| | '_ \/ _` | \ \ \ \
 \\/  ___)| |_)| | | | | || (_| |  ) ) ) )
  '  |____| .__|_| |_|_| |_\__, | / / / /
 =========|_|==============|___/=/_/_/_/
 :: Spring Boot ::                (v2.7.8)

2023-02-01 13:57:00.545  INFO 62958 --- [    Test worker] c.c.autobid.AutoBidApplicationTests      : Starting AutoBidApplicationTests using Java 11.0.17 on macbook16s-MacBook-Pro.local with PID 62958 (started by macbook16 in /Users/macbook16/Desktop/Team4-AutoBid/AutoBid_BE)
2023-02-01 13:57:00.546  INFO 62958 --- [    Test worker] c.c.autobid.AutoBidApplicationTests      : No active profile set, falling back to 1 default profile: "default"
2023-02-01 13:57:00.809  INFO 62958 --- [    Test worker] .s.d.r.c.RepositoryConfigurationDelegate : Bootstrapping Spring Data JDBC repositories in DEFAULT mode.
2023-02-01 13:57:00.813  INFO 62958 --- [    Test worker] .s.d.r.c.RepositoryConfigurationDelegate : Finished Spring Data repository scanning in 2 ms. Found 0 JDBC repository interfaces.
2023-02-01 13:57:01.210  INFO 62958 --- [    Test worker] o.s.b.a.w.s.WelcomePageHandlerMapping    : Adding welcome page: class path resource [static/index.html]
2023-02-01 13:57:01.354  INFO 62958 --- [    Test worker] com.zaxxer.hikari.HikariDataSource       : HikariPool-1 - Starting...
2023-02-01 13:57:01.604  INFO 62958 --- [    Test worker] com.zaxxer.hikari.HikariDataSource       : HikariPool-1 - Start completed.
2023-02-01 13:57:01.678  INFO 62958 --- [    Test worker] c.c.autobid.AutoBidApplicationTests      : Started AutoBidApplicationTests in 1.295 seconds (JVM running for 1.829)
]]></system-out>
  <system-err><![CDATA[]]></system-err>
</testsuite>
